<?xml version="1.0" encoding="UTF-8"?>
<!-- Generated by org.testng.reporters.JUnitXMLReporter -->
<testsuite hostname="ASDP1728PO02529" name="Test" tests="2" failures="1" timestamp="4 Sep 2017 10:56:40 GMT" time="5.659" errors="0">
  <testcase name="Test01_verifyUserCanSuccessfullyLogin" time="2.634" classname="com.qait.training.tests.LoginPageTest"/>
  <testcase name="Test02_verifyEmailsAreMovedToDifferentFolder" time="3.003" classname="com.qait.training.tests.LoginPageTest">
    <failure type="java.lang.NullPointerException">
      <![CDATA[java.lang.NullPointerException
	at com.qait.training.reader.SpecReader.getElementfromFile(SpecReader.java:16)
	at com.qait.training.reader.GetPage.element(GetPage.java:22)
	at com.qait.training.reader.GetPage.isElementDisplayed(GetPage.java:36)
	at com.qait.training.keywords.HomePageAction.searchEmails(HomePageAction.java:24)
	at com.qait.training.tests.LoginPageTest.Test02_verifyEmailsAreMovedToDifferentFolder(LoginPageTest.java:25)
... Removed 24 stack frames]]>
    </failure>
  </testcase> <!-- Test02_verifyEmailsAreMovedToDifferentFolder -->
</testsuite> <!-- Test -->
